<?xml version="1.0" encoding="UTF-8"?>
<!-- Generated by org.testng.reporters.JUnitReportReporter -->
<testsuite skipped="0" hostname="LAPTOP-E8FI7IIA" name="tests.ShoppingTestPage" tests="1" failures="0" timestamp="2020-08-23T01:26:04 IST" time="11.347" errors="0">
  <testcase name="shoppingTest" time="11.347" classname="tests.ShoppingTestPage"/>
  <system-out/>
</testsuite> <!-- tests.ShoppingTestPage -->
